<?xml version="1.0" encoding="UTF-8"?>
<testsuites name="Mocha Tests" time="0.0000" tests="3" failures="3">
  <testsuite name="Root Suite" timestamp="2021-03-02T17:10:12" tests="0" file="cypress\integration\searchurl.spec.js" time="0.0000" failures="0">
  </testsuite>
  <testsuite name="Search from url" timestamp="2021-03-02T17:10:12" tests="3" time="0.0000" failures="3">
    <testcase name="Search from url url search Mexico (one result)" time="0.0000" classname="url search Mexico (one result)">
      <failure message="`cy.visit()` failed trying to load:

http://localhost:3000/Mexico

We attempted to make an http request to this URL but the request failed without a response.

We received this error at the network level:

  &gt; Error: connect ECONNREFUSED 127.0.0.1:3000

Common situations why this would fail:
  - you don&apos;t have internet access
  - you forgot to run / boot your web server
  - your web server isn&apos;t accessible
  - you have weird network configuration settings on your computer" type="CypressError"><![CDATA[CypressError: `cy.visit()` failed trying to load:

http://localhost:3000/Mexico

We attempted to make an http request to this URL but the request failed without a response.

We received this error at the network level:

  > Error: connect ECONNREFUSED 127.0.0.1:3000

Common situations why this would fail:
  - you don't have internet access
  - you forgot to run / boot your web server
  - your web server isn't accessible
  - you have weird network configuration settings on your computer
    at http://localhost:54023/__cypress/runner/cypress_runner.js:159076:23
    at visitFailedByErr (http://localhost:54023/__cypress/runner/cypress_runner.js:158436:12)
    at http://localhost:54023/__cypress/runner/cypress_runner.js:159075:11
    at tryCatcher (http://localhost:54023/__cypress/runner/cypress_runner.js:10765:23)
    at Promise._settlePromiseFromHandler (http://localhost:54023/__cypress/runner/cypress_runner.js:8700:31)
    at Promise._settlePromise (http://localhost:54023/__cypress/runner/cypress_runner.js:8757:18)
    at Promise._settlePromise0 (http://localhost:54023/__cypress/runner/cypress_runner.js:8802:10)
    at Promise._settlePromises (http://localhost:54023/__cypress/runner/cypress_runner.js:8878:18)
    at _drainQueueStep (http://localhost:54023/__cypress/runner/cypress_runner.js:5472:12)
    at _drainQueue (http://localhost:54023/__cypress/runner/cypress_runner.js:5465:9)
    at Async.../../node_modules/bluebird/js/release/async.js.Async._drainQueues (http://localhost:54023/__cypress/runner/cypress_runner.js:5481:5)
    at Async.drainQueues (http://localhost:54023/__cypress/runner/cypress_runner.js:5351:14)
From Your Spec Code:
    at Context.eval (http://localhost:54023/__cypress/tests?p=cypress\integration\searchurl.spec.js:104:8)

From Node.js Internals:
  Error: connect ECONNREFUSED 127.0.0.1:3000
      at TCPConnectWrap.afterConnect [as oncomplete] (net.js:1141:16)
  ]]></failure>
    </testcase>
    <testcase name="Search from url url search Peso (multiple results)" time="0.0000" classname="url search Peso (multiple results)">
      <failure message="`cy.visit()` failed trying to load:

http://localhost:3000/Peso

We attempted to make an http request to this URL but the request failed without a response.

We received this error at the network level:

  &gt; Error: connect ECONNREFUSED 127.0.0.1:3000

Common situations why this would fail:
  - you don&apos;t have internet access
  - you forgot to run / boot your web server
  - your web server isn&apos;t accessible
  - you have weird network configuration settings on your computer" type="CypressError"><![CDATA[CypressError: `cy.visit()` failed trying to load:

http://localhost:3000/Peso

We attempted to make an http request to this URL but the request failed without a response.

We received this error at the network level:

  > Error: connect ECONNREFUSED 127.0.0.1:3000

Common situations why this would fail:
  - you don't have internet access
  - you forgot to run / boot your web server
  - your web server isn't accessible
  - you have weird network configuration settings on your computer
    at http://localhost:54023/__cypress/runner/cypress_runner.js:159076:23
    at visitFailedByErr (http://localhost:54023/__cypress/runner/cypress_runner.js:158436:12)
    at http://localhost:54023/__cypress/runner/cypress_runner.js:159075:11
    at tryCatcher (http://localhost:54023/__cypress/runner/cypress_runner.js:10765:23)
    at Promise._settlePromiseFromHandler (http://localhost:54023/__cypress/runner/cypress_runner.js:8700:31)
    at Promise._settlePromise (http://localhost:54023/__cypress/runner/cypress_runner.js:8757:18)
    at Promise._settlePromise0 (http://localhost:54023/__cypress/runner/cypress_runner.js:8802:10)
    at Promise._settlePromises (http://localhost:54023/__cypress/runner/cypress_runner.js:8878:18)
    at _drainQueueStep (http://localhost:54023/__cypress/runner/cypress_runner.js:5472:12)
    at _drainQueue (http://localhost:54023/__cypress/runner/cypress_runner.js:5465:9)
    at Async.../../node_modules/bluebird/js/release/async.js.Async._drainQueues (http://localhost:54023/__cypress/runner/cypress_runner.js:5481:5)
    at Async.drainQueues (http://localhost:54023/__cypress/runner/cypress_runner.js:5351:14)
From Your Spec Code:
    at Context.eval (http://localhost:54023/__cypress/tests?p=cypress\integration\searchurl.spec.js:110:8)

From Node.js Internals:
  Error: connect ECONNREFUSED 127.0.0.1:3000
      at TCPConnectWrap.afterConnect [as oncomplete] (net.js:1141:16)
  ]]></failure>
    </testcase>
    <testcase name="Search from url urls search then input search" time="0.0000" classname="urls search then input search">
      <failure message="`cy.visit()` failed trying to load:

http://localhost:3000/Peso

We attempted to make an http request to this URL but the request failed without a response.

We received this error at the network level:

  &gt; Error: connect ECONNREFUSED 127.0.0.1:3000

Common situations why this would fail:
  - you don&apos;t have internet access
  - you forgot to run / boot your web server
  - your web server isn&apos;t accessible
  - you have weird network configuration settings on your computer" type="CypressError"><![CDATA[CypressError: `cy.visit()` failed trying to load:

http://localhost:3000/Peso

We attempted to make an http request to this URL but the request failed without a response.

We received this error at the network level:

  > Error: connect ECONNREFUSED 127.0.0.1:3000

Common situations why this would fail:
  - you don't have internet access
  - you forgot to run / boot your web server
  - your web server isn't accessible
  - you have weird network configuration settings on your computer
    at http://localhost:54023/__cypress/runner/cypress_runner.js:159076:23
    at visitFailedByErr (http://localhost:54023/__cypress/runner/cypress_runner.js:158436:12)
    at http://localhost:54023/__cypress/runner/cypress_runner.js:159075:11
    at tryCatcher (http://localhost:54023/__cypress/runner/cypress_runner.js:10765:23)
    at Promise._settlePromiseFromHandler (http://localhost:54023/__cypress/runner/cypress_runner.js:8700:31)
    at Promise._settlePromise (http://localhost:54023/__cypress/runner/cypress_runner.js:8757:18)
    at Promise._settlePromise0 (http://localhost:54023/__cypress/runner/cypress_runner.js:8802:10)
    at Promise._settlePromises (http://localhost:54023/__cypress/runner/cypress_runner.js:8878:18)
    at _drainQueueStep (http://localhost:54023/__cypress/runner/cypress_runner.js:5472:12)
    at _drainQueue (http://localhost:54023/__cypress/runner/cypress_runner.js:5465:9)
    at Async.../../node_modules/bluebird/js/release/async.js.Async._drainQueues (http://localhost:54023/__cypress/runner/cypress_runner.js:5481:5)
    at Async.drainQueues (http://localhost:54023/__cypress/runner/cypress_runner.js:5351:14)
From Your Spec Code:
    at Context.eval (http://localhost:54023/__cypress/tests?p=cypress\integration\searchurl.spec.js:117:8)

From Node.js Internals:
  Error: connect ECONNREFUSED 127.0.0.1:3000
      at TCPConnectWrap.afterConnect [as oncomplete] (net.js:1141:16)
  ]]></failure>
    </testcase>
  </testsuite>
</testsuites>